<?xml version="1.0" encoding="UTF-8"?>
<testsuite xmlns:xsi="http://www.w3.org/2001/XMLSchema-instance" xsi:noNamespaceSchemaLocation="https://maven.apache.org/surefire/maven-surefire-plugin/xsd/surefire-test-report-3.0.xsd" version="3.0" name="com.example.DemoTest" time="0.081" tests="4" errors="0" skipped="0" failures="0">
  <properties>
[...]
</properties>
  <testcase name="test1" classname="com.example.DemoTest" time="0.016">
    <system-out><![CDATA[hello test1
]]></system-out>
  </testcase>
  <testcase name="test2" classname="com.example.DemoTest" time="0.002">
    <system-out><![CDATA[hello test2
]]></system-out>
  </testcase>
  <testcase name="test3" classname="com.example.DemoTest" time="0.003">
    <system-out><![CDATA[hello test3
]]></system-out>
  </testcase>
  <testcase name="test4" classname="com.example.DemoTest" time="0.002">
    <system-out><![CDATA[hello test4
]]></system-out>
  </testcase>
</testsuite>